/*C2*/SET SCHEMA PUBLIC
ALTER TABLE "environmentvariables$tapurltext" ALTER COLUMN "letter" RENAME TO "environmenttype"
DELETE FROM "mendixsystem$attribute" WHERE "id"='c69fbf60-f158-4aae-8a59-3cac24e2dd2d'
INSERT INTO "mendixsystem$attribute" VALUES('c69fbf60-f158-4aae-8a59-3cac24e2dd2d','4348a130-2fac-4fd2-9d7c-e28d5d52375f','EnvironmentType','environmenttype',40,1,'',FALSE)
DELETE FROM "mendixsystem$version" WHERE "versionnumber"='4.2'
INSERT INTO "mendixsystem$version" VALUES('4.2','2019-05-19 23:14:58.864000','3.0.0','unversioned','EnvironmentVariables')
COMMIT
DELETE FROM "mendixsystem$version" WHERE "versionnumber"='4.2'
INSERT INTO "mendixsystem$version" VALUES('4.2','2019-05-19 23:14:58.864000','3.0.0','unversioned','EnvironmentVariables')
COMMIT
/*C3*/SET SCHEMA PUBLIC
DELETE FROM "system$userrole" WHERE "id"=3659174697238529
INSERT INTO "system$userrole" VALUES(3659174697238529,'8dd52bfa-6d7e-453b-b506-303c0a3d9567','','Administrator')
DELETE FROM "system$userrole" WHERE "id"=3659174697238530
INSERT INTO "system$userrole" VALUES(3659174697238530,'53f5d6fa-6da9-4a71-b011-454ec052cce8','','User')
COMMIT
DELETE FROM "mendixsystem$properties" WHERE "key"='Mendix.Runtime.DeploymentID'
INSERT INTO "mendixsystem$properties" VALUES('Mendix.Runtime.DeploymentID','636939044894150507')
COMMIT
DELETE FROM "system$session" WHERE "id"=3940649673949885
DELETE FROM "system$session_user" WHERE "system$sessionid"=3940649673949885 AND "system$userid"=562949953422013
COMMIT
DELETE FROM "mendixsystem$entityidentifier" WHERE "id"='d4154981-8dac-4150-aec5-efa3ef62a7a2'
INSERT INTO "mendixsystem$entityidentifier" VALUES('d4154981-8dac-4150-aec5-efa3ef62a7a2',3,901)
COMMIT
INSERT INTO "system$xasinstance" VALUES(844424930132769,'dcae70e3-164a-49e0-90e6-df27b4725f6f','2019-05-19 21:15:09.409000','2019-05-19 21:15:09.384000',NULL,NULL,NULL)
COMMIT
DELETE FROM "mendixsystem$entityidentifier" WHERE "id"='282e2e60-88a5-469d-84a5-ba8d9151644f'
INSERT INTO "mendixsystem$entityidentifier" VALUES('282e2e60-88a5-469d-84a5-ba8d9151644f',2,901)
COMMIT
INSERT INTO "system$user" VALUES(562949953422113,'2019-05-19 21:15:14.985000',TRUE,'2019-05-19 21:15:14.985000','2019-05-19 21:15:15.141000',FALSE,TRUE,0,FALSE,'Anonymous_63b25c96-1b06-4aec-acf5-abb1f9990b8f','{BCrypt}$2a$10$nqgDmiFucDbWDicvvkKGuOJZg57VVLSta7cYc/blgc/IriOWHK/Nu','System.User',NULL,562949953422113)
INSERT INTO "system$userroles" VALUES(562949953422113,3659174697238529)
INSERT INTO "system$user_language" VALUES(562949953422113,5629499534213121)
COMMIT
DELETE FROM "system$user" WHERE "id"=562949953422113
INSERT INTO "system$user" VALUES(562949953422113,'2019-05-19 21:15:14.985000',TRUE,'2019-05-19 21:15:14.985000','2019-05-19 21:15:15.160000',FALSE,TRUE,0,FALSE,'Anonymous_63b25c96-1b06-4aec-acf5-abb1f9990b8f','{BCrypt}$2a$10$nqgDmiFucDbWDicvvkKGuOJZg57VVLSta7cYc/blgc/IriOWHK/Nu','System.User',NULL,562949953422113)
COMMIT
/*C4*/SET SCHEMA PUBLIC
DELETE FROM "mendixsystem$entityidentifier" WHERE "id"='37f9fd49-5318-4c63-9a51-f761779b202f'
INSERT INTO "mendixsystem$entityidentifier" VALUES('37f9fd49-5318-4c63-9a51-f761779b202f',14,901)
COMMIT
INSERT INTO "system$session" VALUES(3940649673949985,'b3529b3d-64ce-4761-beb4-5a9f4d13bc94','2019-05-19 21:15:15.191000','5edf6306-ef46-4e9f-b030-5d98562e26b8','2019-05-19 21:15:15.192000','5ef4c1d7-72af-4d15-afd9-48feaab5a06c')
INSERT INTO "system$session_user" VALUES(3940649673949985,562949953422113)
COMMIT
/*C2*/DELETE FROM "mendixsystem$entityidentifier" WHERE "id"='88b82391-decb-4a84-bc22-f3248464aed0'
INSERT INTO "mendixsystem$entityidentifier" VALUES('88b82391-decb-4a84-bc22-f3248464aed0',23,801)
COMMIT
DELETE FROM "system$xasinstance" WHERE "id"=844424930132769
INSERT INTO "system$xasinstance" VALUES(844424930132769,'dcae70e3-164a-49e0-90e6-df27b4725f6f','2019-05-19 21:15:09.409000','2019-05-19 21:20:09.448000',NULL,NULL,NULL)
COMMIT
DELETE FROM "system$session" WHERE "id"=3940649673949985
INSERT INTO "system$session" VALUES(3940649673949985,'b3529b3d-64ce-4761-beb4-5a9f4d13bc94','2019-05-19 21:15:15.191000','5edf6306-ef46-4e9f-b030-5d98562e26b8','2019-05-19 21:15:15.664000','5ef4c1d7-72af-4d15-afd9-48feaab5a06c')
COMMIT
/*C3*/DELETE FROM "system$xasinstance" WHERE "id"=844424930132769
INSERT INTO "system$xasinstance" VALUES(844424930132769,'dcae70e3-164a-49e0-90e6-df27b4725f6f','2019-05-19 21:15:09.409000','2019-05-19 21:25:09.542000',NULL,NULL,NULL)
COMMIT
/*C2*/DELETE FROM "system$session" WHERE "id"=3940649673949985
INSERT INTO "system$session" VALUES(3940649673949985,'b3529b3d-64ce-4761-beb4-5a9f4d13bc94','2019-05-19 21:15:15.191000','5edf6306-ef46-4e9f-b030-5d98562e26b8','2019-05-19 21:20:15.564000','5ef4c1d7-72af-4d15-afd9-48feaab5a06c')
COMMIT
/*C4*/DISCONNECT
/*C3*/DELETE FROM "system$xasinstance" WHERE "id"=844424930132769
INSERT INTO "system$xasinstance" VALUES(844424930132769,'dcae70e3-164a-49e0-90e6-df27b4725f6f','2019-05-19 21:15:09.409000','2019-05-19 21:30:09.579000',NULL,NULL,NULL)
COMMIT
/*C2*/DELETE FROM "system$session" WHERE "id"=3940649673949985
INSERT INTO "system$session" VALUES(3940649673949985,'b3529b3d-64ce-4761-beb4-5a9f4d13bc94','2019-05-19 21:15:15.191000','5edf6306-ef46-4e9f-b030-5d98562e26b8','2019-05-19 21:25:15.812000','5ef4c1d7-72af-4d15-afd9-48feaab5a06c')
COMMIT
DELETE FROM "system$xasinstance" WHERE "id"=844424930132769
INSERT INTO "system$xasinstance" VALUES(844424930132769,'dcae70e3-164a-49e0-90e6-df27b4725f6f','2019-05-19 21:15:09.409000','2019-05-19 21:35:09.628000',NULL,NULL,NULL)
COMMIT
/*C3*/DELETE FROM "system$xasinstance" WHERE "id"=844424930132769
INSERT INTO "system$xasinstance" VALUES(844424930132769,'dcae70e3-164a-49e0-90e6-df27b4725f6f','2019-05-19 21:15:09.409000','2019-05-19 21:40:09.647000',NULL,NULL,NULL)
COMMIT
/*C5*/SET SCHEMA PUBLIC
DELETE FROM "system$user" WHERE "id"=562949953422113
DELETE FROM "system$userroles" WHERE "system$userid"=562949953422113 AND "system$userroleid"=3659174697238529
DELETE FROM "system$user_language" WHERE "system$userid"=562949953422113 AND "system$languageid"=5629499534213121
DELETE FROM "system$session_user" WHERE "system$sessionid"=3940649673949985 AND "system$userid"=562949953422113
COMMIT
DELETE FROM "system$session" WHERE "id"=3940649673949985
COMMIT
DELETE FROM "system$xasinstance" WHERE "id"=844424930132769
INSERT INTO "system$xasinstance" VALUES(844424930132769,'dcae70e3-164a-49e0-90e6-df27b4725f6f','2019-05-19 21:15:09.409000','2019-05-19 21:45:09.660000',NULL,NULL,NULL)
COMMIT
/*C3*/DISCONNECT
/*C5*/DELETE FROM "system$xasinstance" WHERE "id"=844424930132769
INSERT INTO "system$xasinstance" VALUES(844424930132769,'dcae70e3-164a-49e0-90e6-df27b4725f6f','2019-05-19 21:15:09.409000','2019-05-19 21:50:09.677000',NULL,NULL,NULL)
COMMIT
/*C2*/DISCONNECT
/*C5*/DELETE FROM "system$xasinstance" WHERE "id"=844424930132769
INSERT INTO "system$xasinstance" VALUES(844424930132769,'dcae70e3-164a-49e0-90e6-df27b4725f6f','2019-05-19 21:15:09.409000','2019-05-19 21:55:09.698000',NULL,NULL,NULL)
COMMIT
DISCONNECT
